<?xml version="1.0" encoding="UTF-8"?>
<!-- Generated by org.testng.reporters.JUnitReportReporter -->
<testsuite hostname="LAPTOP-GVRJID11" failures="0" tests="4" name="api.test.UserTests" time="9.818" errors="0" timestamp="2023-12-20T21:59:07 IST" skipped="0">
  <testcase classname="api.test.UserTests" name="testPostUser" time="3.629"/>
  <system-out/>
  <testcase classname="api.test.UserTests" name="testgetUser" time="1.604"/>
  <system-out/>
  <testcase classname="api.test.UserTests" name="testUpdateUser" time="3.064"/>
  <system-out/>
  <testcase classname="api.test.UserTests" name="testDeleteUser" time="1.521"/>
  <system-out/>
</testsuite> <!-- api.test.UserTests -->
