<?xml version="1.0" encoding="UTF-8"?>
<!-- Generated by org.testng.reporters.JUnitReportReporter -->
<testsuite hostname="LAPTOP-GVRJID11" failures="0" tests="9" name="api.test.DDTest" time="13.660" errors="0" timestamp="2023-12-20T21:59:07 IST" skipped="0">
  <testcase classname="api.test.DDTest" name="testPostUser" time="1.524"/>
  <system-out/>
  <testcase classname="api.test.DDTest" name="testPostUser" time="1.557"/>
  <system-out/>
  <testcase classname="api.test.DDTest" name="testPostUser" time="1.532"/>
  <system-out/>
  <testcase classname="api.test.DDTest" name="testGetUser" time="1.533"/>
  <system-out/>
  <testcase classname="api.test.DDTest" name="testGetUser" time="1.577"/>
  <system-out/>
  <testcase classname="api.test.DDTest" name="testGetUser" time="1.416"/>
  <system-out/>
  <testcase classname="api.test.DDTest" name="testDeleteUserByName" time="1.466"/>
  <system-out/>
  <testcase classname="api.test.DDTest" name="testDeleteUserByName" time="1.519"/>
  <system-out/>
  <testcase classname="api.test.DDTest" name="testDeleteUserByName" time="1.536"/>
  <system-out/>
</testsuite> <!-- api.test.DDTest -->
