<?xml version="1.0" encoding="UTF-8"?>
<!-- Generated by org.testng.reporters.JUnitReportReporter -->
<testsuite hostname="LAPTOP-GVRJID11" failures="0" tests="4" name="api.test.UserTests" time="11.343" errors="0" timestamp="2023-12-20T22:00:19 IST" skipped="0">
  <testcase classname="api.test.UserTests" name="testPostUser" time="3.356"/>
  <system-out/>
  <testcase classname="api.test.UserTests" name="testgetUser" time="3.378"/>
  <system-out/>
  <testcase classname="api.test.UserTests" name="testUpdateUser" time="3.074"/>
  <system-out/>
  <testcase classname="api.test.UserTests" name="testDeleteUser" time="1.535"/>
  <system-out/>
</testsuite> <!-- api.test.UserTests -->
