<?xml version="1.0" encoding="UTF-8"?>
<!-- Generated by org.testng.reporters.JUnitReportReporter -->
<testsuite hostname="LAPTOP-GVRJID11" failures="0" tests="9" name="api.test.DDTest" time="13.846" errors="0" timestamp="2023-12-20T22:00:19 IST" skipped="0">
  <testcase classname="api.test.DDTest" name="testPostUser" time="1.545"/>
  <system-out/>
  <testcase classname="api.test.DDTest" name="testPostUser" time="1.431"/>
  <system-out/>
  <testcase classname="api.test.DDTest" name="testPostUser" time="1.843"/>
  <system-out/>
  <testcase classname="api.test.DDTest" name="testGetUser" time="1.522"/>
  <system-out/>
  <testcase classname="api.test.DDTest" name="testGetUser" time="1.537"/>
  <system-out/>
  <testcase classname="api.test.DDTest" name="testGetUser" time="1.390"/>
  <system-out/>
  <testcase classname="api.test.DDTest" name="testDeleteUserByName" time="1.510"/>
  <system-out/>
  <testcase classname="api.test.DDTest" name="testDeleteUserByName" time="1.533"/>
  <system-out/>
  <testcase classname="api.test.DDTest" name="testDeleteUserByName" time="1.535"/>
  <system-out/>
</testsuite> <!-- api.test.DDTest -->
